<?xml version="1.0" encoding="UTF-8"?>
<!-- Generated by org.testng.reporters.JUnitReportReporter -->
<testsuite hostname="DESKTOP-2IFVM62" failures="0" tests="29" name="com.obsqura.scripts.TestClass" time="104.295" errors="0" timestamp="2022-08-24T05:55:56 PDT" skipped="0">
  <testcase classname="com.obsqura.scripts.TestClass" name="verify_invalidLogin_using_dataprovider" time="2.299"/>
  <system-out/>
  <testcase classname="com.obsqura.scripts.TestClass" name="Login_with_incorrectUsername_and_incorrectpassword" time="9.485"/>
  <system-out/>
  <testcase classname="com.obsqura.scripts.TestClass" name="verifyLogin_with_no_username_and_password" time="2.420"/>
  <system-out/>
  <testcase classname="com.obsqura.scripts.TestClass" name="verifyResetitButton" time="1.861"/>
  <system-out/>
  <testcase classname="com.obsqura.scripts.TestClass" name="verifyResetPassword_WithInvalidEmailId" time="2.117"/>
  <system-out/>
  <testcase classname="com.obsqura.scripts.TestClass" name="verifyEmailId_inResetPassword" time="2.335"/>
  <system-out/>
  <testcase classname="com.obsqura.scripts.TestClass" name="verify_Login_with_correctUsername_and_password" time="2.332"/>
  <system-out/>
  <testcase classname="com.obsqura.scripts.TestClass" name="verifyDashBoardButton" time="4.135"/>
  <system-out/>
  <testcase classname="com.obsqura.scripts.TestClass" name="verifyCompanyButton" time="1.047"/>
  <system-out/>
  <testcase classname="com.obsqura.scripts.TestClass" name="verifyClientsButton" time="3.254"/>
  <system-out/>
  <testcase classname="com.obsqura.scripts.TestClass" name="verifyWorkersButton" time="2.200"/>
  <system-out/>
  <testcase classname="com.obsqura.scripts.TestClass" name="verifyDeductionButton" time="1.900"/>
  <system-out/>
  <testcase classname="com.obsqura.scripts.TestClass" name="verifyTimeSheetButton" time="2.906"/>
  <system-out/>
  <testcase classname="com.obsqura.scripts.TestClass" name="verifyPayslipButton" time="1.794"/>
  <system-out/>
  <testcase classname="com.obsqura.scripts.TestClass" name="verifyInvoiceButton" time="2.107"/>
  <system-out/>
  <testcase classname="com.obsqura.scripts.TestClass" name="verifyReportButton" time="5.893"/>
  <system-out/>
  <testcase classname="com.obsqura.scripts.TestClass" name="verifySettingsButton" time="1.829"/>
  <system-out/>
  <testcase classname="com.obsqura.scripts.TestClass" name="verifyCarolThomasButton" time="1.229"/>
  <system-out/>
  <testcase classname="com.obsqura.scripts.TestClass" name="verifyViewProfile_inCarolThomasButton" time="2.531"/>
  <system-out/>
  <testcase classname="com.obsqura.scripts.TestClass" name="verifyLogout_inCarolThomasButton" time="3.483"/>
  <system-out/>
  <testcase classname="com.obsqura.scripts.TestClass" name="verify_search_ValidClient" time="7.206"/>
  <system-out/>
  <testcase classname="com.obsqura.scripts.TestClass" name="verify_search_ValidClient_UsingValidNameOnly" time="2.327"/>
  <system-out/>
  <testcase classname="com.obsqura.scripts.TestClass" name="verifySearch_ValidClient_UsingValidIDOnly" time="2.410"/>
  <system-out/>
  <testcase classname="com.obsqura.scripts.TestClass" name="verifySearchClient_Using_InValidName_and_ID" time="3.056"/>
  <system-out/>
  <testcase classname="com.obsqura.scripts.TestClass" name="verify_CreateNewClientButton" time="4.081"/>
  <system-out/>
  <testcase classname="com.obsqura.scripts.TestClass" name="verify_User_can_CreateNew_Client_with_mandatory_fields" time="7.688"/>
  <system-out/>
  <testcase classname="com.obsqura.scripts.TestClass" name="verify_user_can_search_ValidWorker" time="6.128"/>
  <system-out/>
  <testcase classname="com.obsqura.scripts.TestClass" name="verify_CreateNewWorkerButton" time="8.033"/>
  <system-out/>
  <testcase classname="com.obsqura.scripts.TestClass" name="verify_user_able_to_CreateNewWorker_with_mandatoryFields" time="6.209"/>
  <system-out/>
</testsuite> <!-- com.obsqura.scripts.TestClass -->
